<?xml version="1.0" encoding="UTF-8"?>
<testsuite xmlns:xsi="http://www.w3.org/2001/XMLSchema-instance" xsi:noNamespaceSchemaLocation="https://maven.apache.org/surefire/maven-surefire-plugin/xsd/surefire-test-report.xsd" name="org.spring.springboot.ArithJunitTest.CalculatorTest" time="0.065" tests="7" errors="0" skipped="0" failures="1">
  <properties>
[...]
</properties>
  <testcase name="testAdd" classname="org.spring.springboot.ArithJunitTest.CalculatorTest" time="0.003"/>
  <testcase name="testDiv" classname="org.spring.springboot.ArithJunitTest.CalculatorTest" time="0"/>
  <testcase name="testMul" classname="org.spring.springboot.ArithJunitTest.CalculatorTest" time="0"/>
  <testcase name="testSub" classname="org.spring.springboot.ArithJunitTest.CalculatorTest" time="0"/>
  <testcase name="testDiv2" classname="org.spring.springboot.ArithJunitTest.CalculatorTest" time="0.004">
    <failure message="出错了！实际结果与预期不符！ expected:&lt;2&gt; but was:&lt;1&gt;" type="java.lang.AssertionError"><![CDATA[java.lang.AssertionError: 出错了！实际结果与预期不符！ expected:<2> but was:<1>
	at org.spring.springboot.ArithJunitTest.CalculatorTest.testDiv2(CalculatorTest.java:76)
]]></failure>
  </testcase>
  <testcase name="testLoop" classname="org.spring.springboot.ArithJunitTest.CalculatorTest" time="0"/>
  <testcase name="testUnCompleted" classname="org.spring.springboot.ArithJunitTest.CalculatorTest" time="0"/>
</testsuite>